Using pre-set license
Built from '2020.3/staging' branch; Version is '2020.3.10f1 (297d780c91bc) revision 2719096'; Using compiler version '192528614'; Build Type 'Release'
OS: 'Windows 10 Home Single Language; OS build 19042.1110; Version 2009; 64bit' Language: 'en' Physical Memory: 12184 MB
BatchMode: 1, IsHumanControllingUs: 0, StartBugReporterOnCrash: 0, Is64bit: 1, IsPro: 0

 COMMAND LINE ARGUMENTS:
D:\Unity\Hub\Editor\2019.4.13f1\Editor\2020.3.10f1\Editor\Unity.exe
-adb2
-batchMode
-noUpm
-name
AssetImportWorker0
-projectPath
E:/New Unity Game 3D/Unity 3D
-logFile
Logs/AssetImportWorker0.log
-srvPort
59855
Successfully changed project path to: E:/New Unity Game 3D/Unity 3D
E:/New Unity Game 3D/Unity 3D
Using Asset Import Pipeline V2.
Refreshing native plugins compatible for Editor in 62.44 ms, found 2 plugins.
Preloading 0 native plugins for Editor in 0.00 ms.
Initialize engine version: 2020.3.10f1 (297d780c91bc)
[Subsystems] Discovering subsystems at path D:/Unity/Hub/Editor/2019.4.13f1/Editor/2020.3.10f1/Editor/Data/Resources/UnitySubsystems
[Subsystems] Discovering subsystems at path E:/New Unity Game 3D/Unity 3D/Assets
GfxDevice: creating device client; threaded=0
Direct3D:
    Version:  Direct3D 11.0 [level 11.1]
    Renderer: Intel(R) HD Graphics 520 (ID=0x1916)
    Vendor:   
    VRAM:     6092 MB
    Driver:   27.20.100.8681
Initialize mono
Mono path[0] = 'D:/Unity/Hub/Editor/2019.4.13f1/Editor/2020.3.10f1/Editor/Data/Managed'
Mono path[1] = 'D:/Unity/Hub/Editor/2019.4.13f1/Editor/2020.3.10f1/Editor/Data/MonoBleedingEdge/lib/mono/unityjit'
Mono config path = 'D:/Unity/Hub/Editor/2019.4.13f1/Editor/2020.3.10f1/Editor/Data/MonoBleedingEdge/etc'
Using monoOptions --debugger-agent=transport=dt_socket,embedding=1,server=y,suspend=n,address=127.0.0.1:56004
Begin MonoManager ReloadAssembly
Registering precompiled unity dll's ...
Register platform support module: D:/Unity/Hub/Editor/2019.4.13f1/Editor/2020.3.10f1/Editor/Data/PlaybackEngines/WindowsStandaloneSupport/UnityEditor.WindowsStandalone.Extensions.dll
Registered in 0.002766 seconds.
Native extension for WindowsStandalone target not found
Refreshing native plugins compatible for Editor in 63.00 ms, found 2 plugins.
Preloading 0 native plugins for Editor in 0.00 ms.
Mono: successfully reloaded assembly
- Completed reload, in  2.161 seconds
Platform modules already initialized, skipping
Registering precompiled user dll's ...
Registered in 0.006568 seconds.
Begin MonoManager ReloadAssembly
Native extension for WindowsStandalone target not found
Refreshing native plugins compatible for Editor in 0.47 ms, found 2 plugins.
Preloading 0 native plugins for Editor in 0.00 ms.
Mono: successfully reloaded assembly
- Completed reload, in  2.612 seconds
Platform modules already initialized, skipping
========================================================================
Worker process is ready to serve import requests
Launched and connected shader compiler UnityShaderCompiler.exe after 0.11 seconds
Refreshing native plugins compatible for Editor in 0.51 ms, found 2 plugins.
Preloading 0 native plugins for Editor in 0.00 ms.
Unloading 1386 Unused Serialized files (Serialized files now loaded: 0)
System memory in use before: 64.7 MB.
System memory in use after: 64.8 MB.

Unloading 19 unused Assets to reduce memory usage. Loaded Objects now: 1819.
Total: 9.919000 ms (FindLiveObjects: 0.368900 ms CreateObjectMapping: 0.147800 ms MarkObjects: 8.280500 ms  DeleteObjects: 1.118900 ms)

========================================================================
Received Import Request.
  path: Assets/New Material.mat
  artifactKey: Guid(26c9c38ee95f78545ad015c48b279fa4) Importer(815301076,1909f56bfc062723c751e8b465ee728b)
Start importing Assets/New Material.mat using Guid(26c9c38ee95f78545ad015c48b279fa4) Importer(815301076,1909f56bfc062723c751e8b465ee728b)  -> (artifact id: '0cecc009777e06865e24e4005832dc08') in 0.275246 seconds
  Import took 0.281692 seconds .

========================================================================
Received Import Request.
  Time since last request: 46.414117 seconds.
  path: Assets
  artifactKey: Guid(00000000000000001000000000000000) Importer(815301076,1909f56bfc062723c751e8b465ee728b)
Start importing Assets using Guid(00000000000000001000000000000000) Importer(815301076,1909f56bfc062723c751e8b465ee728b)  -> (artifact id: '42d402b061de3733987d63b9cc3b64de') in 0.032911 seconds
  Import took 0.049011 seconds .

========================================================================
Received Import Request.
  Time since last request: 8.089818 seconds.
  path: Assets/Materials
  artifactKey: Guid(7b7b83dc81d41da4b8466831db1cc087) Importer(815301076,1909f56bfc062723c751e8b465ee728b)
Start importing Assets/Materials using Guid(7b7b83dc81d41da4b8466831db1cc087) Importer(815301076,1909f56bfc062723c751e8b465ee728b)  -> (artifact id: 'c803e8f638cbda7fd316cc52d87f9127') in 0.011714 seconds
  Import took 0.017128 seconds .

========================================================================
Received Import Request.
  Time since last request: 19.157946 seconds.
  path: Assets/Materials/New Material.mat
  artifactKey: Guid(26c9c38ee95f78545ad015c48b279fa4) Importer(815301076,1909f56bfc062723c751e8b465ee728b)
Start importing Assets/Materials/New Material.mat using Guid(26c9c38ee95f78545ad015c48b279fa4) Importer(815301076,1909f56bfc062723c751e8b465ee728b)  -> (artifact id: 'bb1f1ce941a7c68f2cfdc41447fd077d') in 0.035849 seconds
  Import took 0.042274 seconds .

========================================================================
Received Import Request.
  Time since last request: 343.432651 seconds.
  path: Assets/New Folder
  artifactKey: Guid(d70a1c11167fc9a4ba4deba9b484229f) Importer(815301076,1909f56bfc062723c751e8b465ee728b)
Start importing Assets/New Folder using Guid(d70a1c11167fc9a4ba4deba9b484229f) Importer(815301076,1909f56bfc062723c751e8b465ee728b)  -> (artifact id: '19d9c3a9f1745e1496f93b3222a0254a') in 0.019386 seconds
  Import took 0.027366 seconds .

========================================================================
Received Import Request.
  Time since last request: 1.319722 seconds.
  path: Assets/Scenes
  artifactKey: Guid(0fc1272bcca7dc347ba300906593b58f) Importer(815301076,1909f56bfc062723c751e8b465ee728b)
Start importing Assets/Scenes using Guid(0fc1272bcca7dc347ba300906593b58f) Importer(815301076,1909f56bfc062723c751e8b465ee728b)  -> (artifact id: '8a5cfc08c25fbf1364d60071b24d3d00') in 0.011387 seconds
  Import took 0.018593 seconds .

========================================================================
Received Import Request.
  Time since last request: 0.003985 seconds.
  path: Assets/Scenes
  artifactKey: Guid(0fc1272bcca7dc347ba300906593b58f) Importer(815301076,1909f56bfc062723c751e8b465ee728b)
Start importing Assets/Scenes using Guid(0fc1272bcca7dc347ba300906593b58f) Importer(815301076,1909f56bfc062723c751e8b465ee728b)  -> (artifact id: '8a5cfc08c25fbf1364d60071b24d3d00') in 0.003926 seconds
  Import took 0.009725 seconds .

========================================================================
Received Import Request.
  Time since last request: 7.369312 seconds.
  path: Assets/Scripts
  artifactKey: Guid(d70a1c11167fc9a4ba4deba9b484229f) Importer(815301076,1909f56bfc062723c751e8b465ee728b)
Start importing Assets/Scripts using Guid(d70a1c11167fc9a4ba4deba9b484229f) Importer(815301076,1909f56bfc062723c751e8b465ee728b)  -> (artifact id: '3b51d0f9475bb510dc8ef49310c86d53') in 0.015920 seconds
  Import took 0.023867 seconds .

========================================================================
Received Prepare
Registering precompiled user dll's ...
Registered in 0.004560 seconds.
Begin MonoManager ReloadAssembly
Native extension for WindowsStandalone target not found
Refreshing native plugins compatible for Editor in 0.86 ms, found 2 plugins.
Preloading 0 native plugins for Editor in 0.00 ms.
Mono: successfully reloaded assembly
- Completed reload, in  2.396 seconds
Platform modules already initialized, skipping
Refreshing native plugins compatible for Editor in 0.41 ms, found 2 plugins.
Preloading 0 native plugins for Editor in 0.00 ms.
Unloading 1382 Unused Serialized files (Serialized files now loaded: 0)
System memory in use before: 68.0 MB.
System memory in use after: 68.1 MB.

Unloading 14 unused Assets to reduce memory usage. Loaded Objects now: 1863.
Total: 3.320900 ms (FindLiveObjects: 0.233200 ms CreateObjectMapping: 0.062500 ms MarkObjects: 2.930500 ms  DeleteObjects: 0.093000 ms)

========================================================================
Received Import Request.
  Time since last request: 38.625714 seconds.
  path: Assets/Scripts/Add.cs
  artifactKey: Guid(bd0467314d8afaf43a11e38cbe542cab) Importer(815301076,1909f56bfc062723c751e8b465ee728b)
Start importing Assets/Scripts/Add.cs using Guid(bd0467314d8afaf43a11e38cbe542cab) Importer(815301076,1909f56bfc062723c751e8b465ee728b)  -> (artifact id: 'e5ebb513287e22c5ee0f44db3ecc62fe') in 0.018708 seconds
  Import took 0.024143 seconds .

========================================================================
Received Import Request.
  Time since last request: 9.189467 seconds.
  path: Assets/Scripts/AddConstantVelocity.cs
  artifactKey: Guid(bd0467314d8afaf43a11e38cbe542cab) Importer(815301076,1909f56bfc062723c751e8b465ee728b)
Start importing Assets/Scripts/AddConstantVelocity.cs using Guid(bd0467314d8afaf43a11e38cbe542cab) Importer(815301076,1909f56bfc062723c751e8b465ee728b)  -> (artifact id: '3851960e6f10be9b93fc924e031036f5') in 0.011016 seconds
  Import took 0.015949 seconds .

========================================================================
Received Prepare
Registering precompiled user dll's ...
Registered in 0.004455 seconds.
Begin MonoManager ReloadAssembly
Native extension for WindowsStandalone target not found
Refreshing native plugins compatible for Editor in 0.48 ms, found 2 plugins.
Preloading 0 native plugins for Editor in 0.00 ms.
Mono: successfully reloaded assembly
- Completed reload, in  2.152 seconds
Platform modules already initialized, skipping
Refreshing native plugins compatible for Editor in 0.45 ms, found 2 plugins.
Preloading 0 native plugins for Editor in 0.00 ms.
Unloading 1382 Unused Serialized files (Serialized files now loaded: 0)
System memory in use before: 68.0 MB.
System memory in use after: 68.1 MB.

Unloading 14 unused Assets to reduce memory usage. Loaded Objects now: 1866.
Total: 3.039100 ms (FindLiveObjects: 0.189500 ms CreateObjectMapping: 0.070200 ms MarkObjects: 2.674700 ms  DeleteObjects: 0.102800 ms)

========================================================================
Received Prepare
Registering precompiled user dll's ...
Registered in 0.009795 seconds.
Begin MonoManager ReloadAssembly
Native extension for WindowsStandalone target not found
Refreshing native plugins compatible for Editor in 0.74 ms, found 2 plugins.
Preloading 0 native plugins for Editor in 0.00 ms.
Mono: successfully reloaded assembly
- Completed reload, in  2.111 seconds
Platform modules already initialized, skipping
Refreshing native plugins compatible for Editor in 0.40 ms, found 2 plugins.
Preloading 0 native plugins for Editor in 0.00 ms.
Unloading 1382 Unused Serialized files (Serialized files now loaded: 0)
System memory in use before: 68.1 MB.
System memory in use after: 68.1 MB.

Unloading 14 unused Assets to reduce memory usage. Loaded Objects now: 1869.
Total: 4.029400 ms (FindLiveObjects: 0.292000 ms CreateObjectMapping: 0.092300 ms MarkObjects: 3.548800 ms  DeleteObjects: 0.093900 ms)

========================================================================
Received Prepare
Registering precompiled user dll's ...
Registered in 0.009480 seconds.
Begin MonoManager ReloadAssembly
Native extension for WindowsStandalone target not found
Refreshing native plugins compatible for Editor in 0.62 ms, found 2 plugins.
Preloading 0 native plugins for Editor in 0.00 ms.
Mono: successfully reloaded assembly
- Completed reload, in  1.970 seconds
Platform modules already initialized, skipping
Refreshing native plugins compatible for Editor in 0.39 ms, found 2 plugins.
Preloading 0 native plugins for Editor in 0.00 ms.
Unloading 1382 Unused Serialized files (Serialized files now loaded: 0)
System memory in use before: 68.1 MB.
System memory in use after: 68.1 MB.

Unloading 14 unused Assets to reduce memory usage. Loaded Objects now: 1872.
Total: 2.653800 ms (FindLiveObjects: 0.181300 ms CreateObjectMapping: 0.063300 ms MarkObjects: 2.329500 ms  DeleteObjects: 0.078000 ms)

========================================================================
Received Prepare
Registering precompiled user dll's ...
Registered in 0.005860 seconds.
Begin MonoManager ReloadAssembly
Native extension for WindowsStandalone target not found
Refreshing native plugins compatible for Editor in 0.63 ms, found 2 plugins.
Preloading 0 native plugins for Editor in 0.00 ms.
Mono: successfully reloaded assembly
- Completed reload, in  2.312 seconds
Platform modules already initialized, skipping
Refreshing native plugins compatible for Editor in 0.39 ms, found 2 plugins.
Preloading 0 native plugins for Editor in 0.00 ms.
Unloading 1382 Unused Serialized files (Serialized files now loaded: 0)
System memory in use before: 68.1 MB.
System memory in use after: 68.2 MB.

Unloading 14 unused Assets to reduce memory usage. Loaded Objects now: 1875.
Total: 4.114600 ms (FindLiveObjects: 0.283400 ms CreateObjectMapping: 0.106000 ms MarkObjects: 3.625400 ms  DeleteObjects: 0.097500 ms)

========================================================================
Received Prepare
Registering precompiled user dll's ...
Registered in 0.006070 seconds.
Begin MonoManager ReloadAssembly
Native extension for WindowsStandalone target not found
Refreshing native plugins compatible for Editor in 0.55 ms, found 2 plugins.
Preloading 0 native plugins for Editor in 0.00 ms.
Mono: successfully reloaded assembly
- Completed reload, in  2.235 seconds
Platform modules already initialized, skipping
Refreshing native plugins compatible for Editor in 0.39 ms, found 2 plugins.
Preloading 0 native plugins for Editor in 0.00 ms.
Unloading 1382 Unused Serialized files (Serialized files now loaded: 0)
System memory in use before: 68.1 MB.
System memory in use after: 68.2 MB.

Unloading 14 unused Assets to reduce memory usage. Loaded Objects now: 1878.
Total: 3.796600 ms (FindLiveObjects: 0.266100 ms CreateObjectMapping: 0.088100 ms MarkObjects: 3.361100 ms  DeleteObjects: 0.079300 ms)

========================================================================
Received Prepare
Registering precompiled user dll's ...
Registered in 0.295031 seconds.
Begin MonoManager ReloadAssembly
Native extension for WindowsStandalone target not found
Refreshing native plugins compatible for Editor in 0.63 ms, found 2 plugins.
Preloading 0 native plugins for Editor in 0.00 ms.
Mono: successfully reloaded assembly
- Completed reload, in  2.907 seconds
Platform modules already initialized, skipping
Refreshing native plugins compatible for Editor in 0.38 ms, found 2 plugins.
Preloading 0 native plugins for Editor in 0.00 ms.
Unloading 1382 Unused Serialized files (Serialized files now loaded: 0)
System memory in use before: 68.1 MB.
System memory in use after: 68.2 MB.

Unloading 14 unused Assets to reduce memory usage. Loaded Objects now: 1881.
Total: 3.219800 ms (FindLiveObjects: 0.198600 ms CreateObjectMapping: 0.065900 ms MarkObjects: 2.868100 ms  DeleteObjects: 0.085700 ms)

========================================================================
Received Prepare
Registering precompiled user dll's ...
Registered in 0.005520 seconds.
Begin MonoManager ReloadAssembly
Native extension for WindowsStandalone target not found
Refreshing native plugins compatible for Editor in 0.41 ms, found 2 plugins.
Preloading 0 native plugins for Editor in 0.00 ms.
Mono: successfully reloaded assembly
- Completed reload, in  2.234 seconds
Platform modules already initialized, skipping
Refreshing native plugins compatible for Editor in 0.45 ms, found 2 plugins.
Preloading 0 native plugins for Editor in 0.00 ms.
Unloading 1382 Unused Serialized files (Serialized files now loaded: 0)
System memory in use before: 68.1 MB.
System memory in use after: 68.2 MB.

Unloading 14 unused Assets to reduce memory usage. Loaded Objects now: 1884.
Total: 3.162800 ms (FindLiveObjects: 0.220600 ms CreateObjectMapping: 0.096200 ms MarkObjects: 2.738100 ms  DeleteObjects: 0.106100 ms)

========================================================================
Received Import Request.
  Time since last request: 3851.242698 seconds.
  path: Assets/Scripts/AddConstantVelocity.cs
  artifactKey: Guid(bd0467314d8afaf43a11e38cbe542cab) Importer(815301076,1909f56bfc062723c751e8b465ee728b)
Start importing Assets/Scripts/AddConstantVelocity.cs using Guid(bd0467314d8afaf43a11e38cbe542cab) Importer(815301076,1909f56bfc062723c751e8b465ee728b)  -> (artifact id: '9b5131746afb4740cd395ff0df5e8c53') in 0.051712 seconds
  Import took 0.056825 seconds .

========================================================================
Received Import Request.
  Time since last request: 0.002904 seconds.
  path: Assets/Scripts/AddConstantVelocity.cs
  artifactKey: Guid(bd0467314d8afaf43a11e38cbe542cab) Importer(815301076,1909f56bfc062723c751e8b465ee728b)
Start importing Assets/Scripts/AddConstantVelocity.cs using Guid(bd0467314d8afaf43a11e38cbe542cab) Importer(815301076,1909f56bfc062723c751e8b465ee728b)  -> (artifact id: '9b5131746afb4740cd395ff0df5e8c53') in 0.024271 seconds
  Import took 0.034691 seconds .

========================================================================
Received Import Request.
  Time since last request: 63.584854 seconds.
  path: Assets/Scripts/AddPlayerControlledVelocity.cs
  artifactKey: Guid(f4bdebb3f86b0ac428884047d28c79ab) Importer(815301076,1909f56bfc062723c751e8b465ee728b)
Start importing Assets/Scripts/AddPlayerControlledVelocity.cs using Guid(f4bdebb3f86b0ac428884047d28c79ab) Importer(815301076,1909f56bfc062723c751e8b465ee728b)  -> (artifact id: 'fc6508a973a5af3e2585175f3963763d') in 0.023536 seconds
  Import took 0.029210 seconds .

========================================================================
Received Prepare
Registering precompiled user dll's ...
Registered in 0.005550 seconds.
Begin MonoManager ReloadAssembly
Native extension for WindowsStandalone target not found
Refreshing native plugins compatible for Editor in 0.54 ms, found 2 plugins.
Preloading 0 native plugins for Editor in 0.00 ms.
Mono: successfully reloaded assembly
- Completed reload, in  2.398 seconds
Platform modules already initialized, skipping
Refreshing native plugins compatible for Editor in 2.49 ms, found 2 plugins.
Preloading 0 native plugins for Editor in 0.00 ms.
Unloading 1383 Unused Serialized files (Serialized files now loaded: 0)
System memory in use before: 68.1 MB.
System memory in use after: 68.2 MB.

Unloading 14 unused Assets to reduce memory usage. Loaded Objects now: 1888.
Total: 4.959800 ms (FindLiveObjects: 0.386200 ms CreateObjectMapping: 0.153800 ms MarkObjects: 4.291000 ms  DeleteObjects: 0.126100 ms)

========================================================================
Received Prepare
Registering precompiled user dll's ...
Registered in 0.005627 seconds.
Begin MonoManager ReloadAssembly
Native extension for WindowsStandalone target not found
Refreshing native plugins compatible for Editor in 0.60 ms, found 2 plugins.
Preloading 0 native plugins for Editor in 0.00 ms.
Mono: successfully reloaded assembly
- Completed reload, in  2.069 seconds
Platform modules already initialized, skipping
Refreshing native plugins compatible for Editor in 0.41 ms, found 2 plugins.
Preloading 0 native plugins for Editor in 0.00 ms.
Unloading 1383 Unused Serialized files (Serialized files now loaded: 0)
System memory in use before: 68.1 MB.
System memory in use after: 68.2 MB.

Unloading 14 unused Assets to reduce memory usage. Loaded Objects now: 1891.
Total: 2.714200 ms (FindLiveObjects: 0.197200 ms CreateObjectMapping: 0.064100 ms MarkObjects: 2.314900 ms  DeleteObjects: 0.136100 ms)

========================================================================
Received Import Request.
  Time since last request: 288.117418 seconds.
  path: Assets/Scripts/AddPlayerControlledVelocity.cs
  artifactKey: Guid(f4bdebb3f86b0ac428884047d28c79ab) Importer(815301076,1909f56bfc062723c751e8b465ee728b)
Start importing Assets/Scripts/AddPlayerControlledVelocity.cs using Guid(f4bdebb3f86b0ac428884047d28c79ab) Importer(815301076,1909f56bfc062723c751e8b465ee728b)  -> (artifact id: 'fea65652c37c9fcc09157971776b9503') in 0.034951 seconds
  Import took 0.039311 seconds .

========================================================================
Received Prepare
Registering precompiled user dll's ...
Registered in 0.005247 seconds.
Begin MonoManager ReloadAssembly
Native extension for WindowsStandalone target not found
Refreshing native plugins compatible for Editor in 0.40 ms, found 2 plugins.
Preloading 0 native plugins for Editor in 0.00 ms.
Mono: successfully reloaded assembly
- Completed reload, in  2.254 seconds
Platform modules already initialized, skipping
Refreshing native plugins compatible for Editor in 0.63 ms, found 2 plugins.
Preloading 0 native plugins for Editor in 0.00 ms.
Unloading 1383 Unused Serialized files (Serialized files now loaded: 0)
System memory in use before: 68.1 MB.
System memory in use after: 68.2 MB.

Unloading 14 unused Assets to reduce memory usage. Loaded Objects now: 1894.
Total: 3.734900 ms (FindLiveObjects: 0.291200 ms CreateObjectMapping: 0.103900 ms MarkObjects: 3.204100 ms  DeleteObjects: 0.133400 ms)

========================================================================
Received Prepare
Registering precompiled user dll's ...
Registered in 0.005388 seconds.
Begin MonoManager ReloadAssembly
Native extension for WindowsStandalone target not found
Refreshing native plugins compatible for Editor in 1.20 ms, found 2 plugins.
Preloading 0 native plugins for Editor in 0.00 ms.
Mono: successfully reloaded assembly
- Completed reload, in  2.309 seconds
Platform modules already initialized, skipping
Refreshing native plugins compatible for Editor in 0.65 ms, found 2 plugins.
Preloading 0 native plugins for Editor in 0.00 ms.
Unloading 1383 Unused Serialized files (Serialized files now loaded: 0)
System memory in use before: 68.1 MB.
System memory in use after: 68.2 MB.

Unloading 14 unused Assets to reduce memory usage. Loaded Objects now: 1897.
Total: 3.419400 ms (FindLiveObjects: 0.261600 ms CreateObjectMapping: 0.086800 ms MarkObjects: 2.971500 ms  DeleteObjects: 0.097200 ms)

========================================================================
Received Prepare
Registering precompiled user dll's ...
Registered in 0.004400 seconds.
Begin MonoManager ReloadAssembly
Native extension for WindowsStandalone target not found
Refreshing native plugins compatible for Editor in 0.56 ms, found 2 plugins.
Preloading 0 native plugins for Editor in 0.00 ms.
Mono: successfully reloaded assembly
- Completed reload, in  2.145 seconds
Platform modules already initialized, skipping
Refreshing native plugins compatible for Editor in 0.38 ms, found 2 plugins.
Preloading 0 native plugins for Editor in 0.00 ms.
Unloading 1383 Unused Serialized files (Serialized files now loaded: 0)
System memory in use before: 68.1 MB.
System memory in use after: 68.2 MB.

Unloading 14 unused Assets to reduce memory usage. Loaded Objects now: 1900.
Total: 3.869200 ms (FindLiveObjects: 0.220700 ms CreateObjectMapping: 0.067400 ms MarkObjects: 3.436200 ms  DeleteObjects: 0.143400 ms)

========================================================================
Received Prepare
Registering precompiled user dll's ...
Registered in 0.004845 seconds.
Begin MonoManager ReloadAssembly
Native extension for WindowsStandalone target not found
Refreshing native plugins compatible for Editor in 0.63 ms, found 2 plugins.
Preloading 0 native plugins for Editor in 0.00 ms.
Mono: successfully reloaded assembly
- Completed reload, in  2.809 seconds
Platform modules already initialized, skipping
Refreshing native plugins compatible for Editor in 0.39 ms, found 2 plugins.
Preloading 0 native plugins for Editor in 0.00 ms.
Unloading 1383 Unused Serialized files (Serialized files now loaded: 0)
System memory in use before: 68.1 MB.
System memory in use after: 68.2 MB.

Unloading 14 unused Assets to reduce memory usage. Loaded Objects now: 1903.
Total: 3.437200 ms (FindLiveObjects: 0.205400 ms CreateObjectMapping: 0.056300 ms MarkObjects: 3.035300 ms  DeleteObjects: 0.138100 ms)

========================================================================
Received Prepare
Registering precompiled user dll's ...
Registered in 0.006017 seconds.
Begin MonoManager ReloadAssembly
Native extension for WindowsStandalone target not found
Refreshing native plugins compatible for Editor in 0.84 ms, found 2 plugins.
Preloading 0 native plugins for Editor in 0.00 ms.
Mono: successfully reloaded assembly
- Completed reload, in  2.904 seconds
Platform modules already initialized, skipping
Refreshing native plugins compatible for Editor in 0.53 ms, found 2 plugins.
Preloading 0 native plugins for Editor in 0.00 ms.
Unloading 1384 Unused Serialized files (Serialized files now loaded: 0)
System memory in use before: 68.2 MB.
System memory in use after: 68.2 MB.

Unloading 14 unused Assets to reduce memory usage. Loaded Objects now: 1907.
Total: 3.447100 ms (FindLiveObjects: 0.268200 ms CreateObjectMapping: 0.092900 ms MarkObjects: 2.981700 ms  DeleteObjects: 0.101600 ms)

========================================================================
Received Import Request.
  Time since last request: 1498.559150 seconds.
  path: Assets/Scripts/NewBehaviourScript.cs
  artifactKey: Guid(558e026e92f148d4082e4684fa1b967f) Importer(815301076,1909f56bfc062723c751e8b465ee728b)
Start importing Assets/Scripts/NewBehaviourScript.cs using Guid(558e026e92f148d4082e4684fa1b967f) Importer(815301076,1909f56bfc062723c751e8b465ee728b)  -> (artifact id: 'e6f92065a31f38d6ede3f9f36bc3a615') in 0.018541 seconds
  Import took 0.025699 seconds .

========================================================================
Received Import Request.
  Time since last request: 19.923197 seconds.
  path: Assets/Scripts/RestartLevel.cs
  artifactKey: Guid(558e026e92f148d4082e4684fa1b967f) Importer(815301076,1909f56bfc062723c751e8b465ee728b)
Start importing Assets/Scripts/RestartLevel.cs using Guid(558e026e92f148d4082e4684fa1b967f) Importer(815301076,1909f56bfc062723c751e8b465ee728b)  -> (artifact id: 'ae53bf1464aadc400ce60132dd312684') in 0.017719 seconds
  Import took 0.022649 seconds .

========================================================================
Received Prepare
Registering precompiled user dll's ...
Registered in 0.010109 seconds.
Begin MonoManager ReloadAssembly
Native extension for WindowsStandalone target not found
Refreshing native plugins compatible for Editor in 0.75 ms, found 2 plugins.
Preloading 0 native plugins for Editor in 0.00 ms.
Mono: successfully reloaded assembly
- Completed reload, in  3.285 seconds
Platform modules already initialized, skipping
Refreshing native plugins compatible for Editor in 0.64 ms, found 2 plugins.
Preloading 0 native plugins for Editor in 0.00 ms.
Unloading 1384 Unused Serialized files (Serialized files now loaded: 0)
System memory in use before: 68.2 MB.
System memory in use after: 68.3 MB.

Unloading 14 unused Assets to reduce memory usage. Loaded Objects now: 1910.
Total: 4.240800 ms (FindLiveObjects: 0.532500 ms CreateObjectMapping: 0.198200 ms MarkObjects: 3.430400 ms  DeleteObjects: 0.077200 ms)

========================================================================
Received Import Request.
  Time since last request: 21.078902 seconds.
  path: Assets/Scripts/RestartLevelWithButton.cs
  artifactKey: Guid(558e026e92f148d4082e4684fa1b967f) Importer(815301076,1909f56bfc062723c751e8b465ee728b)
Start importing Assets/Scripts/RestartLevelWithButton.cs using Guid(558e026e92f148d4082e4684fa1b967f) Importer(815301076,1909f56bfc062723c751e8b465ee728b)  -> (artifact id: 'c468861896c0ad215aa501b0f9ae6ef7') in 0.036376 seconds
  Import took 0.048350 seconds .

========================================================================
Received Prepare
Registering precompiled user dll's ...
Registered in 0.014580 seconds.
Begin MonoManager ReloadAssembly
Native extension for WindowsStandalone target not found
Refreshing native plugins compatible for Editor in 0.40 ms, found 2 plugins.
Preloading 0 native plugins for Editor in 0.00 ms.
Mono: successfully reloaded assembly
- Completed reload, in  2.614 seconds
Platform modules already initialized, skipping
Refreshing native plugins compatible for Editor in 0.53 ms, found 2 plugins.
Preloading 0 native plugins for Editor in 0.00 ms.
Unloading 1384 Unused Serialized files (Serialized files now loaded: 0)
System memory in use before: 68.2 MB.
System memory in use after: 68.3 MB.

Unloading 14 unused Assets to reduce memory usage. Loaded Objects now: 1913.
Total: 7.787300 ms (FindLiveObjects: 0.360800 ms CreateObjectMapping: 0.119000 ms MarkObjects: 7.165200 ms  DeleteObjects: 0.139100 ms)

========================================================================
Received Prepare
Registering precompiled user dll's ...
Registered in 0.005449 seconds.
Begin MonoManager ReloadAssembly
Native extension for WindowsStandalone target not found
Refreshing native plugins compatible for Editor in 0.61 ms, found 2 plugins.
Preloading 0 native plugins for Editor in 0.00 ms.
Mono: successfully reloaded assembly
- Completed reload, in  3.172 seconds
Platform modules already initialized, skipping
Refreshing native plugins compatible for Editor in 0.40 ms, found 2 plugins.
Preloading 0 native plugins for Editor in 0.00 ms.
Unloading 1384 Unused Serialized files (Serialized files now loaded: 0)
System memory in use before: 68.2 MB.
System memory in use after: 68.3 MB.

Unloading 14 unused Assets to reduce memory usage. Loaded Objects now: 1916.
Total: 3.459200 ms (FindLiveObjects: 0.309200 ms CreateObjectMapping: 0.119900 ms MarkObjects: 2.941900 ms  DeleteObjects: 0.085700 ms)

========================================================================
Received Import Request.
  Time since last request: 694.685689 seconds.
  path: Assets/Scripts/RestartLevelWithButton.cs
  artifactKey: Guid(558e026e92f148d4082e4684fa1b967f) Importer(815301076,1909f56bfc062723c751e8b465ee728b)
Start importing Assets/Scripts/RestartLevelWithButton.cs using Guid(558e026e92f148d4082e4684fa1b967f) Importer(815301076,1909f56bfc062723c751e8b465ee728b)  -> (artifact id: '6c8621d7548fc770dcb069baaa467460') in 0.014513 seconds
  Import took 0.021011 seconds .

========================================================================
Received Prepare
Registering precompiled user dll's ...
Registered in 0.006357 seconds.
Begin MonoManager ReloadAssembly
Native extension for WindowsStandalone target not found
Refreshing native plugins compatible for Editor in 0.57 ms, found 2 plugins.
Preloading 0 native plugins for Editor in 0.00 ms.
Mono: successfully reloaded assembly
- Completed reload, in  2.079 seconds
Platform modules already initialized, skipping
Refreshing native plugins compatible for Editor in 0.38 ms, found 2 plugins.
Preloading 0 native plugins for Editor in 0.00 ms.
Unloading 1384 Unused Serialized files (Serialized files now loaded: 0)
System memory in use before: 68.2 MB.
System memory in use after: 68.3 MB.

Unloading 14 unused Assets to reduce memory usage. Loaded Objects now: 1919.
Total: 3.865600 ms (FindLiveObjects: 0.272500 ms CreateObjectMapping: 0.088500 ms MarkObjects: 3.411000 ms  DeleteObjects: 0.091300 ms)

========================================================================
Received Import Request.
  Time since last request: 46.338529 seconds.
  path: Assets/Scripts/RestartLevelWithButton.cs
  artifactKey: Guid(558e026e92f148d4082e4684fa1b967f) Importer(815301076,1909f56bfc062723c751e8b465ee728b)
Start importing Assets/Scripts/RestartLevelWithButton.cs using Guid(558e026e92f148d4082e4684fa1b967f) Importer(815301076,1909f56bfc062723c751e8b465ee728b)  -> (artifact id: 'e543abf13f010222f121a4902a9be3bd') in 0.009016 seconds
  Import took 0.014489 seconds .

========================================================================
Received Prepare
Registering precompiled user dll's ...
Registered in 0.004130 seconds.
Begin MonoManager ReloadAssembly
Native extension for WindowsStandalone target not found
Refreshing native plugins compatible for Editor in 0.46 ms, found 2 plugins.
Preloading 0 native plugins for Editor in 0.00 ms.
Mono: successfully reloaded assembly
- Completed reload, in  2.842 seconds
Platform modules already initialized, skipping
Refreshing native plugins compatible for Editor in 0.39 ms, found 2 plugins.
Preloading 0 native plugins for Editor in 0.00 ms.
Unloading 1384 Unused Serialized files (Serialized files now loaded: 0)
System memory in use before: 68.2 MB.
System memory in use after: 68.3 MB.

Unloading 14 unused Assets to reduce memory usage. Loaded Objects now: 1922.
Total: 4.372100 ms (FindLiveObjects: 0.228200 ms CreateObjectMapping: 0.078200 ms MarkObjects: 3.988700 ms  DeleteObjects: 0.075000 ms)

========================================================================
Received Prepare
Registering precompiled user dll's ...
Registered in 0.004571 seconds.
Begin MonoManager ReloadAssembly
Native extension for WindowsStandalone target not found
Refreshing native plugins compatible for Editor in 0.55 ms, found 2 plugins.
Preloading 0 native plugins for Editor in 0.00 ms.
Mono: successfully reloaded assembly
- Completed reload, in  2.245 seconds
Platform modules already initialized, skipping
Refreshing native plugins compatible for Editor in 0.38 ms, found 2 plugins.
Preloading 0 native plugins for Editor in 0.00 ms.
Unloading 1385 Unused Serialized files (Serialized files now loaded: 0)
System memory in use before: 68.2 MB.
System memory in use after: 68.3 MB.

Unloading 14 unused Assets to reduce memory usage. Loaded Objects now: 1926.
Total: 3.722800 ms (FindLiveObjects: 0.289200 ms CreateObjectMapping: 0.096500 ms MarkObjects: 3.230000 ms  DeleteObjects: 0.105500 ms)

========================================================================
Received Import Request.
  Time since last request: 436.020556 seconds.
  path: Assets/Scripts/Copy.cs
  artifactKey: Guid(4b2b9530a54c2614695a00ac74964bcf) Importer(815301076,1909f56bfc062723c751e8b465ee728b)
Start importing Assets/Scripts/Copy.cs using Guid(4b2b9530a54c2614695a00ac74964bcf) Importer(815301076,1909f56bfc062723c751e8b465ee728b)  -> (artifact id: 'a4b333faeb5cbc06af1fcb77232d81a0') in 0.016026 seconds
  Import took 0.021164 seconds .

========================================================================
Received Import Request.
  Time since last request: 0.639742 seconds.
  path: Assets/Scripts/Copy.cs
  artifactKey: Guid(4b2b9530a54c2614695a00ac74964bcf) Importer(815301076,1909f56bfc062723c751e8b465ee728b)
Start importing Assets/Scripts/Copy.cs using Guid(4b2b9530a54c2614695a00ac74964bcf) Importer(815301076,1909f56bfc062723c751e8b465ee728b)  -> (artifact id: 'a4b333faeb5cbc06af1fcb77232d81a0') in 0.009496 seconds
  Import took 0.016105 seconds .

========================================================================
Received Import Request.
  Time since last request: 13.879748 seconds.
  path: Assets/Scripts/CopyPosition.cs
  artifactKey: Guid(4b2b9530a54c2614695a00ac74964bcf) Importer(815301076,1909f56bfc062723c751e8b465ee728b)
Start importing Assets/Scripts/CopyPosition.cs using Guid(4b2b9530a54c2614695a00ac74964bcf) Importer(815301076,1909f56bfc062723c751e8b465ee728b)  -> (artifact id: '88fb036a2df38b9c310002284e33d366') in 0.055407 seconds
  Import took 0.067189 seconds .

========================================================================
Received Import Request.
  Time since last request: 0.043945 seconds.
  path: Assets/Scripts/CopyPosition.cs
  artifactKey: Guid(4b2b9530a54c2614695a00ac74964bcf) Importer(815301076,1909f56bfc062723c751e8b465ee728b)
Start importing Assets/Scripts/CopyPosition.cs using Guid(4b2b9530a54c2614695a00ac74964bcf) Importer(815301076,1909f56bfc062723c751e8b465ee728b)  -> (artifact id: '88fb036a2df38b9c310002284e33d366') in 0.023136 seconds
  Import took 0.029305 seconds .

========================================================================
Received Prepare
Registering precompiled user dll's ...
Registered in 0.004421 seconds.
Begin MonoManager ReloadAssembly
Native extension for WindowsStandalone target not found
Refreshing native plugins compatible for Editor in 0.57 ms, found 2 plugins.
Preloading 0 native plugins for Editor in 0.00 ms.
Mono: successfully reloaded assembly
- Completed reload, in  2.524 seconds
Platform modules already initialized, skipping
Refreshing native plugins compatible for Editor in 0.40 ms, found 2 plugins.
Preloading 0 native plugins for Editor in 0.00 ms.
Unloading 1385 Unused Serialized files (Serialized files now loaded: 0)
System memory in use before: 68.2 MB.
System memory in use after: 68.3 MB.

Unloading 14 unused Assets to reduce memory usage. Loaded Objects now: 1929.
Total: 2.691000 ms (FindLiveObjects: 0.200800 ms CreateObjectMapping: 0.069900 ms MarkObjects: 2.344000 ms  DeleteObjects: 0.074800 ms)

========================================================================
Received Prepare
Registering precompiled user dll's ...
Registered in 0.004977 seconds.
Begin MonoManager ReloadAssembly
Native extension for WindowsStandalone target not found
Refreshing native plugins compatible for Editor in 0.54 ms, found 2 plugins.
Preloading 0 native plugins for Editor in 0.00 ms.
Mono: successfully reloaded assembly
- Completed reload, in  2.432 seconds
Platform modules already initialized, skipping
Refreshing native plugins compatible for Editor in 0.57 ms, found 2 plugins.
Preloading 0 native plugins for Editor in 0.00 ms.
Unloading 1385 Unused Serialized files (Serialized files now loaded: 0)
System memory in use before: 68.2 MB.
System memory in use after: 68.3 MB.

Unloading 14 unused Assets to reduce memory usage. Loaded Objects now: 1932.
Total: 3.792900 ms (FindLiveObjects: 0.206500 ms CreateObjectMapping: 0.062700 ms MarkObjects: 3.447200 ms  DeleteObjects: 0.074600 ms)

========================================================================
Received Import Request.
  Time since last request: 120.664506 seconds.
  path: Assets/Scripts/CopyPosition.cs
  artifactKey: Guid(4b2b9530a54c2614695a00ac74964bcf) Importer(815301076,1909f56bfc062723c751e8b465ee728b)
Start importing Assets/Scripts/CopyPosition.cs using Guid(4b2b9530a54c2614695a00ac74964bcf) Importer(815301076,1909f56bfc062723c751e8b465ee728b)  -> (artifact id: 'e0982dfb63e3c7af7b2dff57fdff6afc') in 0.008998 seconds
  Import took 0.014000 seconds .

========================================================================
Received Prepare
Registering precompiled user dll's ...
Registered in 0.005776 seconds.
Begin MonoManager ReloadAssembly
Native extension for WindowsStandalone target not found
Refreshing native plugins compatible for Editor in 0.70 ms, found 2 plugins.
Preloading 0 native plugins for Editor in 0.00 ms.
Mono: successfully reloaded assembly
- Completed reload, in  2.292 seconds
Platform modules already initialized, skipping
Refreshing native plugins compatible for Editor in 0.38 ms, found 2 plugins.
Preloading 0 native plugins for Editor in 0.00 ms.
Unloading 1385 Unused Serialized files (Serialized files now loaded: 0)
System memory in use before: 68.2 MB.
System memory in use after: 68.3 MB.

Unloading 14 unused Assets to reduce memory usage. Loaded Objects now: 1935.
Total: 3.835500 ms (FindLiveObjects: 0.283600 ms CreateObjectMapping: 0.095300 ms MarkObjects: 3.362900 ms  DeleteObjects: 0.091800 ms)

========================================================================
Received Prepare
Registering precompiled user dll's ...
Registered in 0.126636 seconds.
Begin MonoManager ReloadAssembly
Native extension for WindowsStandalone target not found
Refreshing native plugins compatible for Editor in 0.77 ms, found 2 plugins.
Preloading 0 native plugins for Editor in 0.00 ms.
Mono: successfully reloaded assembly
- Completed reload, in  2.237 seconds
Platform modules already initialized, skipping
Refreshing native plugins compatible for Editor in 0.39 ms, found 2 plugins.
Preloading 0 native plugins for Editor in 0.00 ms.
Unloading 1385 Unused Serialized files (Serialized files now loaded: 0)
System memory in use before: 68.2 MB.
System memory in use after: 68.3 MB.

Unloading 14 unused Assets to reduce memory usage. Loaded Objects now: 1938.
Total: 2.958200 ms (FindLiveObjects: 0.195700 ms CreateObjectMapping: 0.066200 ms MarkObjects: 2.594300 ms  DeleteObjects: 0.100200 ms)

========================================================================
Received Prepare
Registering precompiled user dll's ...
Registered in 0.007261 seconds.
Begin MonoManager ReloadAssembly
Native extension for WindowsStandalone target not found
Refreshing native plugins compatible for Editor in 0.45 ms, found 2 plugins.
Preloading 0 native plugins for Editor in 0.00 ms.
Mono: successfully reloaded assembly
- Completed reload, in  1.706 seconds
Platform modules already initialized, skipping
Refreshing native plugins compatible for Editor in 0.38 ms, found 2 plugins.
Preloading 0 native plugins for Editor in 0.00 ms.
Unloading 1385 Unused Serialized files (Serialized files now loaded: 0)
System memory in use before: 68.2 MB.
System memory in use after: 68.3 MB.

Unloading 14 unused Assets to reduce memory usage. Loaded Objects now: 1941.
Total: 3.177900 ms (FindLiveObjects: 0.225600 ms CreateObjectMapping: 0.069200 ms MarkObjects: 2.805900 ms  DeleteObjects: 0.075700 ms)

========================================================================
Received Prepare
Registering precompiled user dll's ...
Registered in 0.006484 seconds.
Begin MonoManager ReloadAssembly
Native extension for WindowsStandalone target not found
Refreshing native plugins compatible for Editor in 1.49 ms, found 2 plugins.
Preloading 0 native plugins for Editor in 0.00 ms.
Mono: successfully reloaded assembly
- Completed reload, in  2.802 seconds
Platform modules already initialized, skipping
Refreshing native plugins compatible for Editor in 0.54 ms, found 2 plugins.
Preloading 0 native plugins for Editor in 0.00 ms.
Unloading 1385 Unused Serialized files (Serialized files now loaded: 0)
System memory in use before: 68.2 MB.
System memory in use after: 68.3 MB.

Unloading 14 unused Assets to reduce memory usage. Loaded Objects now: 1944.
Total: 4.410200 ms (FindLiveObjects: 0.311900 ms CreateObjectMapping: 0.119000 ms MarkObjects: 3.809700 ms  DeleteObjects: 0.166600 ms)

========================================================================
Received Prepare
Registering precompiled user dll's ...
Registered in 0.010379 seconds.
Begin MonoManager ReloadAssembly
Native extension for WindowsStandalone target not found
Refreshing native plugins compatible for Editor in 0.43 ms, found 2 plugins.
Preloading 0 native plugins for Editor in 0.00 ms.
Mono: successfully reloaded assembly
- Completed reload, in  1.824 seconds
Platform modules already initialized, skipping
Refreshing native plugins compatible for Editor in 0.38 ms, found 2 plugins.
Preloading 0 native plugins for Editor in 0.00 ms.
Unloading 1385 Unused Serialized files (Serialized files now loaded: 0)
System memory in use before: 68.2 MB.
System memory in use after: 68.3 MB.

Unloading 14 unused Assets to reduce memory usage. Loaded Objects now: 1947.
Total: 3.079000 ms (FindLiveObjects: 0.218400 ms CreateObjectMapping: 0.060900 ms MarkObjects: 2.722400 ms  DeleteObjects: 0.075700 ms)

========================================================================
Received Prepare
Registering precompiled user dll's ...
Registered in 0.008240 seconds.
Begin MonoManager ReloadAssembly
Native extension for WindowsStandalone target not found
Refreshing native plugins compatible for Editor in 0.71 ms, found 2 plugins.
Preloading 0 native plugins for Editor in 0.00 ms.
Mono: successfully reloaded assembly
- Completed reload, in  2.065 seconds
Platform modules already initialized, skipping
Refreshing native plugins compatible for Editor in 0.44 ms, found 2 plugins.
Preloading 0 native plugins for Editor in 0.00 ms.
Unloading 1386 Unused Serialized files (Serialized files now loaded: 0)
System memory in use before: 68.3 MB.
System memory in use after: 68.4 MB.

Unloading 14 unused Assets to reduce memory usage. Loaded Objects now: 1951.
Total: 3.456100 ms (FindLiveObjects: 0.207200 ms CreateObjectMapping: 0.061900 ms MarkObjects: 3.082200 ms  DeleteObjects: 0.102700 ms)

========================================================================
Received Prepare
Registering precompiled user dll's ...
Registered in 0.004291 seconds.
Begin MonoManager ReloadAssembly
Native extension for WindowsStandalone target not found
Refreshing native plugins compatible for Editor in 0.65 ms, found 2 plugins.
Preloading 0 native plugins for Editor in 0.00 ms.
Mono: successfully reloaded assembly
- Completed reload, in  1.888 seconds
Platform modules already initialized, skipping
Refreshing native plugins compatible for Editor in 0.76 ms, found 2 plugins.
Preloading 0 native plugins for Editor in 0.00 ms.
Unloading 1399 Unused Serialized files (Serialized files now loaded: 0)
System memory in use before: 70.3 MB.
System memory in use after: 69.7 MB.

Unloading 27 unused Assets to reduce memory usage. Loaded Objects now: 1954.
Total: 5.235600 ms (FindLiveObjects: 0.378700 ms CreateObjectMapping: 0.131800 ms MarkObjects: 4.273300 ms  DeleteObjects: 0.449600 ms)

========================================================================
Received Prepare
Registering precompiled user dll's ...
Registered in 0.011084 seconds.
Begin MonoManager ReloadAssembly
Native extension for WindowsStandalone target not found
Refreshing native plugins compatible for Editor in 0.41 ms, found 2 plugins.
Preloading 0 native plugins for Editor in 0.00 ms.
Mono: successfully reloaded assembly
- Completed reload, in  2.258 seconds
Platform modules already initialized, skipping
Refreshing native plugins compatible for Editor in 0.40 ms, found 2 plugins.
Preloading 0 native plugins for Editor in 0.00 ms.
Unloading 1433 Unused Serialized files (Serialized files now loaded: 0)
System memory in use before: 71.2 MB.
System memory in use after: 70.6 MB.

Unloading 27 unused Assets to reduce memory usage. Loaded Objects now: 1991.
Total: 3.542000 ms (FindLiveObjects: 0.213700 ms CreateObjectMapping: 0.061900 ms MarkObjects: 2.735000 ms  DeleteObjects: 0.529600 ms)

========================================================================
Received Import Request.
  Time since last request: 6263.276073 seconds.
  path: Assets/Sound
  artifactKey: Guid(1bdccd582a45aa84b9d0aadfc62f0cc1) Importer(815301076,1909f56bfc062723c751e8b465ee728b)
Start importing Assets/Sound using Guid(1bdccd582a45aa84b9d0aadfc62f0cc1) Importer(815301076,1909f56bfc062723c751e8b465ee728b)  -> (artifact id: '1749fc27aca512b137171c8c5ff51bca') in 0.048969 seconds
  Import took 0.054589 seconds .

========================================================================
Received Import Request.
  Time since last request: 0.073690 seconds.
  path: Assets/Sound/Tiles Hop EDM Rush VS Hop Ball 3D TheFatRat - Unity (Xmas).mp3
  artifactKey: Guid(ef0d7203af42e1d42a253d9fced2eaac) Importer(815301076,1909f56bfc062723c751e8b465ee728b)
Start importing Assets/Sound/Tiles Hop EDM Rush VS Hop Ball 3D TheFatRat - Unity (Xmas).mp3 using Guid(ef0d7203af42e1d42a253d9fced2eaac) Importer(815301076,1909f56bfc062723c751e8b465ee728b)  -> (artifact id: '58e61b206759ee789cfc339b973ec7bb') in 0.152069 seconds
  Import took 0.157588 seconds .

========================================================================
Received Prepare
Registering precompiled user dll's ...
Registered in 0.012526 seconds.
Begin MonoManager ReloadAssembly
Native extension for WindowsStandalone target not found
Refreshing native plugins compatible for Editor in 0.45 ms, found 2 plugins.
Preloading 0 native plugins for Editor in 0.00 ms.
Mono: successfully reloaded assembly
- Completed reload, in  2.246 seconds
Platform modules already initialized, skipping
Refreshing native plugins compatible for Editor in 0.67 ms, found 2 plugins.
Preloading 0 native plugins for Editor in 0.00 ms.
Unloading 1433 Unused Serialized files (Serialized files now loaded: 0)
System memory in use before: 71.3 MB.
System memory in use after: 70.7 MB.

Unloading 27 unused Assets to reduce memory usage. Loaded Objects now: 1997.
Total: 4.359200 ms (FindLiveObjects: 0.309400 ms CreateObjectMapping: 0.104100 ms MarkObjects: 3.290200 ms  DeleteObjects: 0.653400 ms)

========================================================================
Received Prepare
Registering precompiled user dll's ...
Registered in 0.012186 seconds.
Begin MonoManager ReloadAssembly
Native extension for WindowsStandalone target not found
Refreshing native plugins compatible for Editor in 0.68 ms, found 2 plugins.
Preloading 0 native plugins for Editor in 0.00 ms.
Mono: successfully reloaded assembly
- Completed reload, in  1.646 seconds
Platform modules already initialized, skipping
Refreshing native plugins compatible for Editor in 0.79 ms, found 2 plugins.
Preloading 0 native plugins for Editor in 0.00 ms.
Unloading 1433 Unused Serialized files (Serialized files now loaded: 0)
System memory in use before: 71.3 MB.
System memory in use after: 70.7 MB.

Unloading 27 unused Assets to reduce memory usage. Loaded Objects now: 2000.
Total: 3.616000 ms (FindLiveObjects: 0.322700 ms CreateObjectMapping: 0.086000 ms MarkObjects: 2.740600 ms  DeleteObjects: 0.464900 ms)

========================================================================
Received Prepare
Registering precompiled user dll's ...
Registered in 0.008303 seconds.
Begin MonoManager ReloadAssembly
Native extension for WindowsStandalone target not found
Refreshing native plugins compatible for Editor in 0.53 ms, found 2 plugins.
Preloading 0 native plugins for Editor in 0.00 ms.
Mono: successfully reloaded assembly
- Completed reload, in  2.449 seconds
Platform modules already initialized, skipping
Refreshing native plugins compatible for Editor in 0.57 ms, found 2 plugins.
Preloading 0 native plugins for Editor in 0.00 ms.
Unloading 1433 Unused Serialized files (Serialized files now loaded: 0)
System memory in use before: 71.3 MB.
System memory in use after: 70.7 MB.

Unloading 27 unused Assets to reduce memory usage. Loaded Objects now: 2003.
Total: 5.206800 ms (FindLiveObjects: 0.368900 ms CreateObjectMapping: 0.103400 ms MarkObjects: 4.019900 ms  DeleteObjects: 0.712400 ms)

========================================================================
Received Prepare
Registering precompiled user dll's ...
Registered in 0.018274 seconds.
Begin MonoManager ReloadAssembly
Native extension for WindowsStandalone target not found
Refreshing native plugins compatible for Editor in 0.48 ms, found 2 plugins.
Preloading 0 native plugins for Editor in 0.00 ms.
Mono: successfully reloaded assembly
- Completed reload, in  3.875 seconds
Platform modules already initialized, skipping
Refreshing native plugins compatible for Editor in 0.98 ms, found 2 plugins.
Preloading 0 native plugins for Editor in 0.00 ms.
Unloading 1433 Unused Serialized files (Serialized files now loaded: 0)
System memory in use before: 71.3 MB.
System memory in use after: 70.7 MB.

Unloading 27 unused Assets to reduce memory usage. Loaded Objects now: 2006.
Total: 20.976600 ms (FindLiveObjects: 13.306200 ms CreateObjectMapping: 0.375100 ms MarkObjects: 6.044500 ms  DeleteObjects: 1.247400 ms)

========================================================================
Received Prepare
Registering precompiled user dll's ...
Registered in 0.009228 seconds.
Begin MonoManager ReloadAssembly
Native extension for WindowsStandalone target not found
Refreshing native plugins compatible for Editor in 0.75 ms, found 2 plugins.
Preloading 0 native plugins for Editor in 0.00 ms.
Mono: successfully reloaded assembly
- Completed reload, in  2.373 seconds
Platform modules already initialized, skipping
Refreshing native plugins compatible for Editor in 1.03 ms, found 2 plugins.
Preloading 0 native plugins for Editor in 0.00 ms.
Unloading 1433 Unused Serialized files (Serialized files now loaded: 0)
System memory in use before: 71.3 MB.
System memory in use after: 70.7 MB.

Unloading 27 unused Assets to reduce memory usage. Loaded Objects now: 2009.
Total: 8.026700 ms (FindLiveObjects: 0.734700 ms CreateObjectMapping: 0.200100 ms MarkObjects: 6.076300 ms  DeleteObjects: 1.012500 ms)

========================================================================
Received Prepare
Registering precompiled user dll's ...
Registered in 0.033086 seconds.
Begin MonoManager ReloadAssembly
Native extension for WindowsStandalone target not found
Refreshing native plugins compatible for Editor in 1.11 ms, found 2 plugins.
Preloading 0 native plugins for Editor in 0.00 ms.
Mono: successfully reloaded assembly
- Completed reload, in  4.740 seconds
Platform modules already initialized, skipping
Refreshing native plugins compatible for Editor in 1.39 ms, found 2 plugins.
Preloading 0 native plugins for Editor in 0.00 ms.
Unloading 1433 Unused Serialized files (Serialized files now loaded: 0)
System memory in use before: 71.3 MB.
System memory in use after: 70.7 MB.

Unloading 27 unused Assets to reduce memory usage. Loaded Objects now: 2012.
Total: 4.000300 ms (FindLiveObjects: 0.229000 ms CreateObjectMapping: 0.072200 ms MarkObjects: 3.208300 ms  DeleteObjects: 0.489000 ms)

========================================================================
Received Prepare
Registering precompiled user dll's ...
Registered in 0.004645 seconds.
Begin MonoManager ReloadAssembly
Native extension for WindowsStandalone target not found
Refreshing native plugins compatible for Editor in 0.44 ms, found 2 plugins.
Preloading 0 native plugins for Editor in 0.00 ms.
Mono: successfully reloaded assembly
- Completed reload, in  2.413 seconds
Platform modules already initialized, skipping
Refreshing native plugins compatible for Editor in 0.54 ms, found 2 plugins.
Preloading 0 native plugins for Editor in 0.00 ms.
Unloading 1433 Unused Serialized files (Serialized files now loaded: 0)
System memory in use before: 71.3 MB.
System memory in use after: 70.7 MB.

Unloading 27 unused Assets to reduce memory usage. Loaded Objects now: 2015.
Total: 5.376800 ms (FindLiveObjects: 0.518000 ms CreateObjectMapping: 0.141400 ms MarkObjects: 3.620000 ms  DeleteObjects: 1.095200 ms)

========================================================================
Received Prepare
Registering precompiled user dll's ...
Registered in 0.008175 seconds.
Begin MonoManager ReloadAssembly
Native extension for WindowsStandalone target not found
Refreshing native plugins compatible for Editor in 0.43 ms, found 2 plugins.
Preloading 0 native plugins for Editor in 0.00 ms.
Mono: successfully reloaded assembly
- Completed reload, in  2.551 seconds
Platform modules already initialized, skipping
Refreshing native plugins compatible for Editor in 1.23 ms, found 2 plugins.
Preloading 0 native plugins for Editor in 0.00 ms.
Unloading 1433 Unused Serialized files (Serialized files now loaded: 0)
System memory in use before: 71.3 MB.
System memory in use after: 70.7 MB.

Unloading 27 unused Assets to reduce memory usage. Loaded Objects now: 2018.
Total: 4.477300 ms (FindLiveObjects: 0.330900 ms CreateObjectMapping: 0.106800 ms MarkObjects: 3.359200 ms  DeleteObjects: 0.678300 ms)

========================================================================
Received Prepare
Registering precompiled user dll's ...
Registered in 0.009502 seconds.
Begin MonoManager ReloadAssembly
Native extension for WindowsStandalone target not found
Refreshing native plugins compatible for Editor in 0.66 ms, found 2 plugins.
Preloading 0 native plugins for Editor in 0.00 ms.
Mono: successfully reloaded assembly
- Completed reload, in  2.421 seconds
Platform modules already initialized, skipping
Refreshing native plugins compatible for Editor in 0.41 ms, found 2 plugins.
Preloading 0 native plugins for Editor in 0.00 ms.
Unloading 1433 Unused Serialized files (Serialized files now loaded: 0)
System memory in use before: 71.3 MB.
System memory in use after: 70.7 MB.

Unloading 27 unused Assets to reduce memory usage. Loaded Objects now: 2021.
Total: 4.210900 ms (FindLiveObjects: 0.337100 ms CreateObjectMapping: 0.118600 ms MarkObjects: 3.262700 ms  DeleteObjects: 0.490400 ms)

========================================================================
Received Prepare
Registering precompiled user dll's ...
Registered in 0.010934 seconds.
Begin MonoManager ReloadAssembly
Native extension for WindowsStandalone target not found
Refreshing native plugins compatible for Editor in 0.42 ms, found 2 plugins.
Preloading 0 native plugins for Editor in 0.00 ms.
Mono: successfully reloaded assembly
- Completed reload, in  2.809 seconds
Platform modules already initialized, skipping
Refreshing native plugins compatible for Editor in 0.44 ms, found 2 plugins.
Preloading 0 native plugins for Editor in 0.00 ms.
Unloading 1433 Unused Serialized files (Serialized files now loaded: 0)
System memory in use before: 71.3 MB.
System memory in use after: 70.7 MB.

Unloading 27 unused Assets to reduce memory usage. Loaded Objects now: 2024.
Total: 3.730500 ms (FindLiveObjects: 0.263700 ms CreateObjectMapping: 0.079300 ms MarkObjects: 2.862600 ms  DeleteObjects: 0.523100 ms)

========================================================================
Received Prepare
Registering precompiled user dll's ...
Registered in 0.015763 seconds.
Begin MonoManager ReloadAssembly
Native extension for WindowsStandalone target not found
Refreshing native plugins compatible for Editor in 0.70 ms, found 2 plugins.
Preloading 0 native plugins for Editor in 0.00 ms.
Mono: successfully reloaded assembly
- Completed reload, in  2.297 seconds
Platform modules already initialized, skipping
Refreshing native plugins compatible for Editor in 0.41 ms, found 2 plugins.
Preloading 0 native plugins for Editor in 0.00 ms.
Unloading 1434 Unused Serialized files (Serialized files now loaded: 0)
System memory in use before: 71.3 MB.
System memory in use after: 70.8 MB.

Unloading 27 unused Assets to reduce memory usage. Loaded Objects now: 2028.
Total: 4.283400 ms (FindLiveObjects: 0.312100 ms CreateObjectMapping: 0.109200 ms MarkObjects: 2.636400 ms  DeleteObjects: 1.223300 ms)

========================================================================
Received Import Request.
  Time since last request: 2915.122309 seconds.
  path: Assets/Scripts/NewBehaviourScript.cs
  artifactKey: Guid(fde2c59c1af695a46aa4cafb40d95750) Importer(815301076,1909f56bfc062723c751e8b465ee728b)
Start importing Assets/Scripts/NewBehaviourScript.cs using Guid(fde2c59c1af695a46aa4cafb40d95750) Importer(815301076,1909f56bfc062723c751e8b465ee728b)  -> (artifact id: '52ae9e1295af334fa0ef54a1c5c55346') in 0.016406 seconds
  Import took 0.021783 seconds .

========================================================================
Received Prepare
Registering precompiled user dll's ...
Registered in 0.007028 seconds.
Begin MonoManager ReloadAssembly
Native extension for WindowsStandalone target not found
Refreshing native plugins compatible for Editor in 0.46 ms, found 2 plugins.
Preloading 0 native plugins for Editor in 0.00 ms.
Mono: successfully reloaded assembly
- Completed reload, in  3.180 seconds
Platform modules already initialized, skipping
Refreshing native plugins compatible for Editor in 0.52 ms, found 2 plugins.
Preloading 0 native plugins for Editor in 0.00 ms.
Unloading 1434 Unused Serialized files (Serialized files now loaded: 0)
System memory in use before: 71.3 MB.
System memory in use after: 70.8 MB.

Unloading 27 unused Assets to reduce memory usage. Loaded Objects now: 2031.
Total: 3.466900 ms (FindLiveObjects: 0.279600 ms CreateObjectMapping: 0.093700 ms MarkObjects: 2.528500 ms  DeleteObjects: 0.563100 ms)

========================================================================
Received Import Request.
  Time since last request: 11230.584303 seconds.
  path: Assets/Scripts/NewBehaviourScript.cs
  artifactKey: Guid(fde2c59c1af695a46aa4cafb40d95750) Importer(815301076,1909f56bfc062723c751e8b465ee728b)
Start importing Assets/Scripts/NewBehaviourScript.cs using Guid(fde2c59c1af695a46aa4cafb40d95750) Importer(815301076,1909f56bfc062723c751e8b465ee728b)  -> (artifact id: '890ad695a59792a113bb6e1771ec3175') in 0.013773 seconds
  Import took 0.018657 seconds .

AssetImportWorkerClient::OnTransportError - code=2 error=End of file
